c:\users\win10\documents\github\ikp_pubsub_engine\pub_sub_engine\x64\debug\vc143.pdb
c:\users\win10\documents\github\ikp_pubsub_engine\pub_sub_engine\x64\debug\vc143.idb
c:\users\win10\documents\github\ikp_pubsub_engine\pub_sub_engine\x64\debug\storage.obj
c:\users\win10\documents\github\ikp_pubsub_engine\pub_sub_engine\x64\debug\pubsub.obj
c:\users\win10\documents\github\ikp_pubsub_engine\pub_sub_engine\x64\debug\main.obj
c:\users\win10\documents\github\ikp_pubsub_engine\pub_sub_engine\x64\debug\hashmap.obj
c:\users\win10\documents\github\ikp_pubsub_engine\pub_sub_engine\x64\debug\buffer.obj
c:\users\win10\documents\github\ikp_pubsub_engine\pub_sub_engine\x64\debug\thread_pool.obj
c:\users\win10\documents\github\ikp_pubsub_engine\x64\debug\pub_sub_engine.pdb
c:\users\win10\documents\github\ikp_pubsub_engine\pub_sub_engine\x64\debug\pub_sub_engine.tlog\cl.command.1.tlog
c:\users\win10\documents\github\ikp_pubsub_engine\pub_sub_engine\x64\debug\pub_sub_engine.tlog\cl.read.1.tlog
c:\users\win10\documents\github\ikp_pubsub_engine\pub_sub_engine\x64\debug\pub_sub_engine.tlog\cl.write.1.tlog
c:\users\win10\documents\github\ikp_pubsub_engine\pub_sub_engine\x64\debug\pub_sub_engine.tlog\link-cvtres.read.1.tlog
c:\users\win10\documents\github\ikp_pubsub_engine\pub_sub_engine\x64\debug\pub_sub_engine.tlog\link-cvtres.write.1.tlog
c:\users\win10\documents\github\ikp_pubsub_engine\pub_sub_engine\x64\debug\pub_sub_engine.tlog\link-rc.read.1.tlog
c:\users\win10\documents\github\ikp_pubsub_engine\pub_sub_engine\x64\debug\pub_sub_engine.tlog\link-rc.write.1.tlog
c:\users\win10\documents\github\ikp_pubsub_engine\pub_sub_engine\x64\debug\pub_sub_engine.tlog\link.command.1.tlog
c:\users\win10\documents\github\ikp_pubsub_engine\pub_sub_engine\x64\debug\pub_sub_engine.tlog\link.read.1.tlog
c:\users\win10\documents\github\ikp_pubsub_engine\pub_sub_engine\x64\debug\pub_sub_engine.tlog\link.read.2.tlog
c:\users\win10\documents\github\ikp_pubsub_engine\pub_sub_engine\x64\debug\pub_sub_engine.tlog\link.write.1.tlog
